This is XeTeX, Version 3.141592653-2.6-0.999996 (TeX Live 2024) (preloaded format=xelatex 2024.6.9)  10 JUN 2024 08:56
entering extended mode
 restricted \write18 enabled.
 %&-line parsing enabled.
**LearnItR.tex
(./LearnItR.tex
LaTeX2e <2024-06-01>
L3 programming layer <2024-05-27>
(/Users/phgrosjean/Library/TinyTeX/texmf-dist/tex/latex/base/book.cls
Document Class: book 2024/02/08 v1.4n Standard LaTeX document class
(/Users/phgrosjean/Library/TinyTeX/texmf-dist/tex/latex/base/bk10.clo
File: bk10.clo 2024/02/08 v1.4n Standard LaTeX file (size option)
)
\c@part=\count190
\c@chapter=\count191
\c@section=\count192
\c@subsection=\count193
\c@subsubsection=\count194
\c@paragraph=\count195
\c@subparagraph=\count196
\c@figure=\count197
\c@table=\count198
\abovecaptionskip=\skip49
\belowcaptionskip=\skip50
\bibindent=\dimen141
) (/Users/phgrosjean/Library/TinyTeX/texmf-dist/tex/latex/amsmath/amsmath.sty
Package: amsmath 2024/05/23 v2.17q AMS math features
\@mathmargin=\skip51
For additional information on amsmath, use the `?' option.
(/Users/phgrosjean/Library/TinyTeX/texmf-dist/tex/latex/amsmath/amstext.sty
Package: amstext 2021/08/26 v2.01 AMS text
(/Users/phgrosjean/Library/TinyTeX/texmf-dist/tex/latex/amsmath/amsgen.sty
File: amsgen.sty 1999/11/30 v2.0 generic functions
\@emptytoks=\toks17
\ex@=\dimen142
)) (/Users/phgrosjean/Library/TinyTeX/texmf-dist/tex/latex/amsmath/amsbsy.sty
Package: amsbsy 1999/11/29 v1.2d Bold Symbols
\pmbraise@=\dimen143
) (/Users/phgrosjean/Library/TinyTeX/texmf-dist/tex/latex/amsmath/amsopn.sty
Package: amsopn 2022/04/08 v2.04 operator names
)
\inf@bad=\count199
LaTeX Info: Redefining \frac on input line 233.
\uproot@=\count266
\leftroot@=\count267
LaTeX Info: Redefining \overline on input line 398.
LaTeX Info: Redefining \colon on input line 409.
\classnum@=\count268
\DOTSCASE@=\count269
LaTeX Info: Redefining \ldots on input line 495.
LaTeX Info: Redefining \dots on input line 498.
LaTeX Info: Redefining \cdots on input line 619.
\Mathstrutbox@=\box52
\strutbox@=\box53
LaTeX Info: Redefining \big on input line 721.
LaTeX Info: Redefining \Big on input line 722.
LaTeX Info: Redefining \bigg on input line 723.
LaTeX Info: Redefining \Bigg on input line 724.
\big@size=\dimen144
LaTeX Font Info:    Redeclaring font encoding OML on input line 742.
LaTeX Font Info:    Redeclaring font encoding OMS on input line 743.
\macc@depth=\count270
LaTeX Info: Redefining \bmod on input line 904.
LaTeX Info: Redefining \pmod on input line 909.
LaTeX Info: Redefining \smash on input line 939.
LaTeX Info: Redefining \relbar on input line 969.
LaTeX Info: Redefining \Relbar on input line 970.
\c@MaxMatrixCols=\count271
\dotsspace@=\muskip17
\c@parentequation=\count272
\dspbrk@lvl=\count273
\tag@help=\toks18
\row@=\count274
\column@=\count275
\maxfields@=\count276
\andhelp@=\toks19
\eqnshift@=\dimen145
\alignsep@=\dimen146
\tagshift@=\dimen147
\tagwidth@=\dimen148
\totwidth@=\dimen149
\lineht@=\dimen150
\@envbody=\toks20
\multlinegap=\skip52
\multlinetaggap=\skip53
\mathdisplay@stack=\toks21
LaTeX Info: Redefining \[ on input line 2953.
LaTeX Info: Redefining \] on input line 2954.
) (/Users/phgrosjean/Library/TinyTeX/texmf-dist/tex/latex/amsfonts/amssymb.sty
Package: amssymb 2013/01/14 v3.01 AMS font symbols
(/Users/phgrosjean/Library/TinyTeX/texmf-dist/tex/latex/amsfonts/amsfonts.sty
Package: amsfonts 2013/01/14 v3.01 Basic AMSFonts support
\symAMSa=\mathgroup4
\symAMSb=\mathgroup5
LaTeX Font Info:    Redeclaring math symbol \hbar on input line 98.
LaTeX Font Info:    Overwriting math alphabet `\mathfrak' in version `bold'
(Font)                  U/euf/m/n --> U/euf/b/n on input line 106.
)) (/Users/phgrosjean/Library/TinyTeX/texmf-dist/tex/generic/iftex/iftex.sty
Package: iftex 2022/02/03 v1.0f TeX engine tests
) (/Users/phgrosjean/Library/TinyTeX/texmf-dist/tex/latex/unicode-math/unicode-math.sty (/Users/phgrosjean/Library/TinyTeX/texmf-dist/tex/latex/l3kernel/expl3.sty
Package: expl3 2024-05-27 L3 programming layer (loader) 
(/Users/phgrosjean/Library/TinyTeX/texmf-dist/tex/latex/l3backend/l3backend-xetex.def
File: l3backend-xetex.def 2024-05-08 L3 backend support: XeTeX
\g__graphics_track_int=\count277
\l__pdf_internal_box=\box54
\g__pdf_backend_annotation_int=\count278
\g__pdf_backend_link_int=\count279
))
Package: unicode-math 2023/08/13 v0.8r Unicode maths in XeLaTeX and LuaLaTeX
(/Users/phgrosjean/Library/TinyTeX/texmf-dist/tex/latex/unicode-math/unicode-math-xetex.sty
Package: unicode-math-xetex 2023/08/13 v0.8r Unicode maths in XeLaTeX and LuaLaTeX
(/Users/phgrosjean/Library/TinyTeX/texmf-dist/tex/latex/l3packages/xparse/xparse.sty
Package: xparse 2024-05-08 L3 Experimental document command parser
) (/Users/phgrosjean/Library/TinyTeX/texmf-dist/tex/latex/l3packages/l3keys2e/l3keys2e.sty
Package: l3keys2e 2024-05-08 LaTeX2e option processing using LaTeX3 keys
) (/Users/phgrosjean/Library/TinyTeX/texmf-dist/tex/latex/fontspec/fontspec.sty
Package: fontspec 2024/05/11 v2.9e Font selection for XeLaTeX and LuaLaTeX
(/Users/phgrosjean/Library/TinyTeX/texmf-dist/tex/latex/fontspec/fontspec-xetex.sty
Package: fontspec-xetex 2024/05/11 v2.9e Font selection for XeLaTeX and LuaLaTeX
\l__fontspec_script_int=\count280
\l__fontspec_language_int=\count281
\l__fontspec_strnum_int=\count282
\l__fontspec_tmp_int=\count283
\l__fontspec_tmpa_int=\count284
\l__fontspec_tmpb_int=\count285
\l__fontspec_tmpc_int=\count286
\l__fontspec_em_int=\count287
\l__fontspec_emdef_int=\count288
\l__fontspec_strong_int=\count289
\l__fontspec_strongdef_int=\count290
\l__fontspec_tmpa_dim=\dimen151
\l__fontspec_tmpb_dim=\dimen152
\l__fontspec_tmpc_dim=\dimen153
(/Users/phgrosjean/Library/TinyTeX/texmf-dist/tex/latex/base/fontenc.sty
Package: fontenc 2021/04/29 v2.0v Standard LaTeX package
) (/Users/phgrosjean/Library/TinyTeX/texmf-dist/tex/latex/fontspec/fontspec.cfg))) (/Users/phgrosjean/Library/TinyTeX/texmf-dist/tex/latex/base/fix-cm.sty
Package: fix-cm 2020/11/24 v1.1t fixes to LaTeX
(/Users/phgrosjean/Library/TinyTeX/texmf-dist/tex/latex/base/ts1enc.def
File: ts1enc.def 2001/06/05 v3.0e (jk/car/fm) Standard LaTeX file
LaTeX Font Info:    Redeclaring font encoding TS1 on input line 47.
))
\g__um_fam_int=\count291
\g__um_fonts_used_int=\count292
\l__um_primecount_int=\count293
\g__um_primekern_muskip=\muskip18
(/Users/phgrosjean/Library/TinyTeX/texmf-dist/tex/latex/unicode-math/unicode-math-table.tex))) (/Users/phgrosjean/Library/TinyTeX/texmf-dist/tex/latex/lm/lmodern.sty
Package: lmodern 2015/05/01 v1.6.1 Latin Modern Fonts
LaTeX Font Info:    Overwriting symbol font `operators' in version `normal'
(Font)                  OT1/cmr/m/n --> OT1/lmr/m/n on input line 22.
LaTeX Font Info:    Overwriting symbol font `letters' in version `normal'
(Font)                  OML/cmm/m/it --> OML/lmm/m/it on input line 23.
LaTeX Font Info:    Overwriting symbol font `symbols' in version `normal'
(Font)                  OMS/cmsy/m/n --> OMS/lmsy/m/n on input line 24.
LaTeX Font Info:    Overwriting symbol font `largesymbols' in version `normal'
(Font)                  OMX/cmex/m/n --> OMX/lmex/m/n on input line 25.
LaTeX Font Info:    Overwriting symbol font `operators' in version `bold'
(Font)                  OT1/cmr/bx/n --> OT1/lmr/bx/n on input line 26.
LaTeX Font Info:    Overwriting symbol font `letters' in version `bold'
(Font)                  OML/cmm/b/it --> OML/lmm/b/it on input line 27.
LaTeX Font Info:    Overwriting symbol font `symbols' in version `bold'
(Font)                  OMS/cmsy/b/n --> OMS/lmsy/b/n on input line 28.
LaTeX Font Info:    Overwriting symbol font `largesymbols' in version `bold'
(Font)                  OMX/cmex/m/n --> OMX/lmex/m/n on input line 29.
LaTeX Font Info:    Overwriting math alphabet `\mathbf' in version `normal'
(Font)                  OT1/cmr/bx/n --> OT1/lmr/bx/n on input line 31.
LaTeX Font Info:    Overwriting math alphabet `\mathsf' in version `normal'
(Font)                  OT1/cmss/m/n --> OT1/lmss/m/n on input line 32.
LaTeX Font Info:    Overwriting math alphabet `\mathit' in version `normal'
(Font)                  OT1/cmr/m/it --> OT1/lmr/m/it on input line 33.
LaTeX Font Info:    Overwriting math alphabet `\mathtt' in version `normal'
(Font)                  OT1/cmtt/m/n --> OT1/lmtt/m/n on input line 34.
LaTeX Font Info:    Overwriting math alphabet `\mathbf' in version `bold'
(Font)                  OT1/cmr/bx/n --> OT1/lmr/bx/n on input line 35.
LaTeX Font Info:    Overwriting math alphabet `\mathsf' in version `bold'
(Font)                  OT1/cmss/bx/n --> OT1/lmss/bx/n on input line 36.
LaTeX Font Info:    Overwriting math alphabet `\mathit' in version `bold'
(Font)                  OT1/cmr/bx/it --> OT1/lmr/bx/it on input line 37.
LaTeX Font Info:    Overwriting math alphabet `\mathtt' in version `bold'
(Font)                  OT1/cmtt/m/n --> OT1/lmtt/m/n on input line 38.
) (/Users/phgrosjean/Library/TinyTeX/texmf-dist/tex/latex/xcolor/xcolor.sty
Package: xcolor 2023/11/15 v3.01 LaTeX color extensions (UK)
(/Users/phgrosjean/Library/TinyTeX/texmf-dist/tex/latex/graphics-cfg/color.cfg
File: color.cfg 2016/01/02 v1.6 sample color configuration
)
Package xcolor Info: Driver file: xetex.def on input line 274.
(/Users/phgrosjean/Library/TinyTeX/texmf-dist/tex/latex/graphics-def/xetex.def
File: xetex.def 2022/09/22 v5.0n Graphics/color driver for xetex
) (/Users/phgrosjean/Library/TinyTeX/texmf-dist/tex/latex/graphics/mathcolor.ltx)
Package xcolor Info: Model `cmy' substituted by `cmy0' on input line 1350.
Package xcolor Info: Model `RGB' extended on input line 1366.
Package xcolor Info: Model `HTML' substituted by `rgb' on input line 1368.
Package xcolor Info: Model `Hsb' substituted by `hsb' on input line 1369.
Package xcolor Info: Model `tHsb' substituted by `hsb' on input line 1370.
Package xcolor Info: Model `HSB' substituted by `hsb' on input line 1371.
Package xcolor Info: Model `Gray' substituted by `gray' on input line 1372.
Package xcolor Info: Model `wave' substituted by `hsb' on input line 1373.
) (/Users/phgrosjean/Library/TinyTeX/texmf-dist/tex/latex/fancyvrb/fancyvrb.sty
Package: fancyvrb 2024/01/20 4.5c verbatim text (tvz,hv)
(/Users/phgrosjean/Library/TinyTeX/texmf-dist/tex/latex/graphics/keyval.sty
Package: keyval 2022/05/29 v1.15 key=value parser (DPC)
\KV@toks@=\toks22
)
\FV@CodeLineNo=\count294
\FV@InFile=\read2
\FV@TabBox=\box55
\c@FancyVerbLine=\count295
\FV@StepNumber=\count296
\FV@OutFile=\write3
) (/Users/phgrosjean/Library/TinyTeX/texmf-dist/tex/latex/framed/framed.sty
Package: framed 2011/10/22 v 0.96: framed or shaded text with page breaks
\OuterFrameSep=\skip54
\fb@frw=\dimen154
\fb@frh=\dimen155
\FrameRule=\dimen156
\FrameSep=\dimen157
) (/Users/phgrosjean/Library/TinyTeX/texmf-dist/tex/latex/tools/longtable.sty
Package: longtable 2024-04-26 v4.20 Multi-page Table package (DPC)
\LTleft=\skip55
\LTright=\skip56
\LTpre=\skip57
\LTpost=\skip58
\LTchunksize=\count297
\LTcapwidth=\dimen158
\LT@head=\box56
\LT@firsthead=\box57
\LT@foot=\box58
\LT@lastfoot=\box59
\LT@gbox=\box60
\LT@cols=\count298
\LT@rows=\count299
\c@LT@tables=\count300
\c@LT@chunks=\count301
\LT@p@ftn=\toks23
) (/Users/phgrosjean/Library/TinyTeX/texmf-dist/tex/latex/booktabs/booktabs.sty
Package: booktabs 2020/01/12 v1.61803398 Publication quality tables
\heavyrulewidth=\dimen159
\lightrulewidth=\dimen160
\cmidrulewidth=\dimen161
\belowrulesep=\dimen162
\belowbottomsep=\dimen163
\aboverulesep=\dimen164
\abovetopsep=\dimen165
\cmidrulesep=\dimen166
\cmidrulekern=\dimen167
\defaultaddspace=\dimen168
\@cmidla=\count302
\@cmidlb=\count303
\@aboverulesep=\dimen169
\@belowrulesep=\dimen170
\@thisruleclass=\count304
\@lastruleclass=\count305
\@thisrulewidth=\dimen171
) (/Users/phgrosjean/Library/TinyTeX/texmf-dist/tex/latex/tools/array.sty
Package: array 2024/05/23 v2.6c Tabular extension package (FMi)
\col@sep=\dimen172
\ar@mcellbox=\box61
\extrarowheight=\dimen173
\NC@list=\toks24
\extratabsurround=\skip59
\backup@length=\skip60
\ar@cellbox=\box62
) (/Users/phgrosjean/Library/TinyTeX/texmf-dist/tex/latex/tools/calc.sty
Package: calc 2023/07/08 v4.3 Infix arithmetic (KKT,FJ)
\calc@Acount=\count306
\calc@Bcount=\count307
\calc@Adimen=\dimen174
\calc@Bdimen=\dimen175
\calc@Askip=\skip61
\calc@Bskip=\skip62
LaTeX Info: Redefining \setlength on input line 80.
LaTeX Info: Redefining \addtolength on input line 81.
\calc@Ccount=\count308
\calc@Cskip=\skip63
) (/Users/phgrosjean/Library/TinyTeX/texmf-dist/tex/latex/etoolbox/etoolbox.sty
Package: etoolbox 2020/10/05 v2.5k e-TeX tools for LaTeX (JAW)
\etb@tempcnta=\count309
) (/Users/phgrosjean/Library/TinyTeX/texmf-dist/tex/latex/mdwtools/footnote.sty
Package: footnote 1997/01/28 1.13 Save footnotes around boxes
\fn@notes=\box63
\fn@width=\dimen176
) (/Users/phgrosjean/Library/TinyTeX/texmf-dist/tex/latex/graphics/graphicx.sty
Package: graphicx 2021/09/16 v1.2d Enhanced LaTeX Graphics (DPC,SPQR)
(/Users/phgrosjean/Library/TinyTeX/texmf-dist/tex/latex/graphics/graphics.sty
Package: graphics 2024/05/23 v1.4g Standard LaTeX Graphics (DPC,SPQR)
(/Users/phgrosjean/Library/TinyTeX/texmf-dist/tex/latex/graphics/trig.sty
Package: trig 2023/12/02 v1.11 sin cos tan (DPC)
) (/Users/phgrosjean/Library/TinyTeX/texmf-dist/tex/latex/graphics-cfg/graphics.cfg
File: graphics.cfg 2016/06/04 v1.11 sample graphics configuration
)
Package graphics Info: Driver file: xetex.def on input line 106.
)
\Gin@req@height=\dimen177
\Gin@req@width=\dimen178
) (/Users/phgrosjean/Library/TinyTeX/texmf-dist/tex/latex/amscls/amsthm.sty
Package: amsthm 2020/05/29 v2.20.6
\thm@style=\toks25
\thm@bodyfont=\toks26
\thm@headfont=\toks27
\thm@notefont=\toks28
\thm@headpunct=\toks29
\thm@preskip=\skip64
\thm@postskip=\skip65
\thm@headsep=\skip66
\dth@everypar=\toks30
) (/Users/phgrosjean/Library/TinyTeX/texmf-dist/tex/latex/geometry/geometry.sty
Package: geometry 2020/01/02 v5.9 Page Geometry
(/Users/phgrosjean/Library/TinyTeX/texmf-dist/tex/generic/iftex/ifvtex.sty
Package: ifvtex 2019/10/25 v1.7 ifvtex legacy package. Use iftex instead.
)
\Gm@cnth=\count310
\Gm@cntv=\count311
\c@Gm@tempcnt=\count312
\Gm@bindingoffset=\dimen179
\Gm@wd@mp=\dimen180
\Gm@odd@mp=\dimen181
\Gm@even@mp=\dimen182
\Gm@layoutwidth=\dimen183
\Gm@layoutheight=\dimen184
\Gm@layouthoffset=\dimen185
\Gm@layoutvoffset=\dimen186
\Gm@dimlist=\toks31
) (/Users/phgrosjean/Library/TinyTeX/texmf-dist/tex/latex/bookmark/bookmark.sty
Package: bookmark 2023-12-10 v1.31 PDF bookmarks (HO)
(/Users/phgrosjean/Library/TinyTeX/texmf-dist/tex/latex/hyperref/hyperref.sty
Package: hyperref 2024-05-23 v7.01i Hypertext links for LaTeX
(/Users/phgrosjean/Library/TinyTeX/texmf-dist/tex/latex/kvsetkeys/kvsetkeys.sty
Package: kvsetkeys 2022-10-05 v1.19 Key value parser (HO)
) (/Users/phgrosjean/Library/TinyTeX/texmf-dist/tex/generic/kvdefinekeys/kvdefinekeys.sty
Package: kvdefinekeys 2019-12-19 v1.6 Define keys (HO)
) (/Users/phgrosjean/Library/TinyTeX/texmf-dist/tex/generic/pdfescape/pdfescape.sty
Package: pdfescape 2019/12/09 v1.15 Implements pdfTeX's escape features (HO)
(/Users/phgrosjean/Library/TinyTeX/texmf-dist/tex/generic/ltxcmds/ltxcmds.sty
Package: ltxcmds 2023-12-04 v1.26 LaTeX kernel commands for general use (HO)
) (/Users/phgrosjean/Library/TinyTeX/texmf-dist/tex/generic/pdftexcmds/pdftexcmds.sty
Package: pdftexcmds 2020-06-27 v0.33 Utility functions of pdfTeX for LuaTeX (HO)
(/Users/phgrosjean/Library/TinyTeX/texmf-dist/tex/generic/infwarerr/infwarerr.sty
Package: infwarerr 2019/12/03 v1.5 Providing info/warning/error messages (HO)
)
Package pdftexcmds Info: \pdf@primitive is available.
Package pdftexcmds Info: \pdf@ifprimitive is available.
Package pdftexcmds Info: \pdfdraftmode not found.
)) (/Users/phgrosjean/Library/TinyTeX/texmf-dist/tex/latex/hycolor/hycolor.sty
Package: hycolor 2020-01-27 v1.10 Color options for hyperref/bookmark (HO)
) (/Users/phgrosjean/Library/TinyTeX/texmf-dist/tex/latex/hyperref/nameref.sty
Package: nameref 2023-11-26 v2.56 Cross-referencing by name of section
(/Users/phgrosjean/Library/TinyTeX/texmf-dist/tex/latex/refcount/refcount.sty
Package: refcount 2019/12/15 v3.6 Data extraction from label references (HO)
) (/Users/phgrosjean/Library/TinyTeX/texmf-dist/tex/generic/gettitlestring/gettitlestring.sty
Package: gettitlestring 2019/12/15 v1.6 Cleanup title references (HO)
(/Users/phgrosjean/Library/TinyTeX/texmf-dist/tex/latex/kvoptions/kvoptions.sty
Package: kvoptions 2022-06-15 v3.15 Key value format for package options (HO)
))
\c@section@level=\count313
) (/Users/phgrosjean/Library/TinyTeX/texmf-dist/tex/generic/stringenc/stringenc.sty
Package: stringenc 2019/11/29 v1.12 Convert strings between diff. encodings (HO)
)
\@linkdim=\dimen187
\Hy@linkcounter=\count314
\Hy@pagecounter=\count315
(/Users/phgrosjean/Library/TinyTeX/texmf-dist/tex/latex/hyperref/pd1enc.def
File: pd1enc.def 2024-05-23 v7.01i Hyperref: PDFDocEncoding definition (HO)
) (/Users/phgrosjean/Library/TinyTeX/texmf-dist/tex/generic/intcalc/intcalc.sty
Package: intcalc 2019/12/15 v1.3 Expandable calculations with integers (HO)
)
\Hy@SavedSpaceFactor=\count316
(/Users/phgrosjean/Library/TinyTeX/texmf-dist/tex/latex/hyperref/puenc.def
File: puenc.def 2024-05-23 v7.01i Hyperref: PDF Unicode definition (HO)
)
Package hyperref Info: Option `unicode' set `true' on input line 4040.
Package hyperref Info: Hyper figures OFF on input line 4157.
Package hyperref Info: Link nesting OFF on input line 4162.
Package hyperref Info: Hyper index ON on input line 4165.
Package hyperref Info: Plain pages OFF on input line 4172.
Package hyperref Info: Backreferencing OFF on input line 4177.
Package hyperref Info: Implicit mode ON; LaTeX internals redefined.
Package hyperref Info: Bookmarks ON on input line 4424.
\c@Hy@tempcnt=\count317
(/Users/phgrosjean/Library/TinyTeX/texmf-dist/tex/latex/url/url.sty
\Urlmuskip=\muskip19
Package: url 2013/09/16  ver 3.4  Verb mode for urls, etc.
)
LaTeX Info: Redefining \url on input line 4763.
\XeTeXLinkMargin=\dimen188
(/Users/phgrosjean/Library/TinyTeX/texmf-dist/tex/generic/bitset/bitset.sty
Package: bitset 2019/12/09 v1.3 Handle bit-vector datatype (HO)
(/Users/phgrosjean/Library/TinyTeX/texmf-dist/tex/generic/bigintcalc/bigintcalc.sty
Package: bigintcalc 2019/12/15 v1.5 Expandable calculations on big integers (HO)
))
\Fld@menulength=\count318
\Field@Width=\dimen189
\Fld@charsize=\dimen190
Package hyperref Info: Hyper figures OFF on input line 6042.
Package hyperref Info: Link nesting OFF on input line 6047.
Package hyperref Info: Hyper index ON on input line 6050.
Package hyperref Info: backreferencing OFF on input line 6057.
Package hyperref Info: Link coloring OFF on input line 6062.
Package hyperref Info: Link coloring with OCG OFF on input line 6067.
Package hyperref Info: PDF/A mode OFF on input line 6072.
(/Users/phgrosjean/Library/TinyTeX/texmf-dist/tex/latex/base/atbegshi-ltx.sty
Package: atbegshi-ltx 2021/01/10 v1.0c Emulation of the original atbegshi
package with kernel methods
)
\Hy@abspage=\count319
\c@Item=\count320
\c@Hfootnote=\count321
)
Package hyperref Info: Driver (autodetected): hxetex.
(/Users/phgrosjean/Library/TinyTeX/texmf-dist/tex/latex/hyperref/hxetex.def
File: hxetex.def 2024-05-23 v7.01i Hyperref driver for XeTeX
\pdfm@box=\box64
\c@Hy@AnnotLevel=\count322
\HyField@AnnotCount=\count323
\Fld@listcount=\count324
\c@bookmark@seq@number=\count325
(/Users/phgrosjean/Library/TinyTeX/texmf-dist/tex/latex/rerunfilecheck/rerunfilecheck.sty
Package: rerunfilecheck 2022-07-10 v1.10 Rerun checks for auxiliary files (HO)
(/Users/phgrosjean/Library/TinyTeX/texmf-dist/tex/latex/base/atveryend-ltx.sty
Package: atveryend-ltx 2020/08/19 v1.0a Emulation of the original atveryend package
with kernel methods
) (/Users/phgrosjean/Library/TinyTeX/texmf-dist/tex/generic/uniquecounter/uniquecounter.sty
Package: uniquecounter 2019/12/15 v1.4 Provide unlimited unique counter (HO)
)
Package uniquecounter Info: New unique counter `rerunfilecheck' on input line 285.
)
\Hy@SectionHShift=\skip67
) (/Users/phgrosjean/Library/TinyTeX/texmf-dist/tex/latex/bookmark/bkm-dvipdfm.def
File: bkm-dvipdfm.def 2023-12-10 v1.31 bookmark driver for dvipdfm (HO)
\BKM@id=\count326
)) (./LearnItR.aux)
\openout1 = `LearnItR.aux'.

LaTeX Font Info:    Checking defaults for OML/cmm/m/it on input line 205.
LaTeX Font Info:    ... okay on input line 205.
LaTeX Font Info:    Checking defaults for OMS/cmsy/m/n on input line 205.
LaTeX Font Info:    ... okay on input line 205.
LaTeX Font Info:    Checking defaults for OT1/cmr/m/n on input line 205.
LaTeX Font Info:    ... okay on input line 205.
LaTeX Font Info:    Checking defaults for T1/cmr/m/n on input line 205.
LaTeX Font Info:    ... okay on input line 205.
LaTeX Font Info:    Checking defaults for TS1/cmr/m/n on input line 205.
LaTeX Font Info:    ... okay on input line 205.
LaTeX Font Info:    Checking defaults for TU/lmr/m/n on input line 205.
LaTeX Font Info:    ... okay on input line 205.
LaTeX Font Info:    Checking defaults for OMX/cmex/m/n on input line 205.
LaTeX Font Info:    ... okay on input line 205.
LaTeX Font Info:    Checking defaults for U/cmr/m/n on input line 205.
LaTeX Font Info:    ... okay on input line 205.
LaTeX Font Info:    Checking defaults for PD1/pdf/m/n on input line 205.
LaTeX Font Info:    ... okay on input line 205.
LaTeX Font Info:    Checking defaults for PU/pdf/m/n on input line 205.
LaTeX Font Info:    ... okay on input line 205.
LaTeX Font Info:    Overwriting math alphabet `\mathrm' in version `normal'
(Font)                  OT1/lmr/m/n --> TU/lmr/m/n on input line 205.
LaTeX Font Info:    Overwriting math alphabet `\mathit' in version `normal'
(Font)                  OT1/lmr/m/it --> TU/lmr/m/it on input line 205.
LaTeX Font Info:    Overwriting math alphabet `\mathbf' in version `normal'
(Font)                  OT1/lmr/bx/n --> TU/lmr/bx/n on input line 205.
LaTeX Font Info:    Overwriting math alphabet `\mathsf' in version `normal'
(Font)                  OT1/lmss/m/n --> TU/lmss/m/n on input line 205.
LaTeX Font Info:    Overwriting math alphabet `\mathsf' in version `bold'
(Font)                  OT1/lmss/bx/n --> TU/lmss/bx/n on input line 205.
LaTeX Font Info:    Overwriting math alphabet `\mathtt' in version `normal'
(Font)                  OT1/lmtt/m/n --> TU/lmtt/m/n on input line 205.
LaTeX Font Info:    Overwriting math alphabet `\mathtt' in version `bold'
(Font)                  OT1/lmtt/m/n --> TU/lmtt/bx/n on input line 205.

Package fontspec Info: 
(fontspec)             latinmodern-math scale = 0.9999964596882403.


Package fontspec Info: 
(fontspec)             latinmodern-math scale = 0.9999964596882403.


Package fontspec Info: 
(fontspec)             latinmodern-math scale = 0.9999964596882403.


Package fontspec Info: 
(fontspec)             Font family 'latinmodern-math.otf(0)' created for font
(fontspec)             'latinmodern-math.otf' with options
(fontspec)             [Scale=MatchLowercase,BoldItalicFont={},ItalicFont={},SmallCapsFont={},Script=Math,BoldFont={latinmodern-math.otf}].
(fontspec)              
(fontspec)              This font family consists of the following NFSS
(fontspec)             series/shapes:
(fontspec)              
(fontspec)             - 'normal' (m/n) with NFSS spec.:
(fontspec)             <->s*[0.9999964596882403]"[latinmodern-math.otf]/OT:script=math;language=dflt;"
(fontspec)             - 'bold' (b/n) with NFSS spec.:
(fontspec)             <->s*[0.9999964596882403]"[latinmodern-math.otf]/OT:script=math;language=dflt;"

LaTeX Font Info:    Font shape `TU/latinmodern-math.otf(0)/m/n' will be
(Font)              scaled to size 10.0pt on input line 205.

Package fontspec Info: 
(fontspec)             latinmodern-math scale = 0.9999964596882403.


Package fontspec Info: 
(fontspec)             latinmodern-math scale = 0.9999964596882403.


Package fontspec Info: 
(fontspec)             latinmodern-math scale = 0.9999964596882403.


Package fontspec Info: 
(fontspec)             latinmodern-math scale = 0.9999964596882403.


Package fontspec Info: 
(fontspec)             latinmodern-math scale = 0.9999964596882403.


Package fontspec Info: 
(fontspec)             Font family 'latinmodern-math.otf(1)' created for font
(fontspec)             'latinmodern-math.otf' with options
(fontspec)             [Scale=MatchLowercase,BoldItalicFont={},ItalicFont={},SmallCapsFont={},Script=Math,SizeFeatures={{Size=8.5-},{Size=6-8.5,Font=latinmodern-math.otf,Style=MathScript},{Size=-6,Font=latinmodern-math.otf,Style=MathScriptScript}},BoldFont={latinmodern-math.otf}].
(fontspec)              
(fontspec)              This font family consists of the following NFSS
(fontspec)             series/shapes:
(fontspec)              
(fontspec)             - 'normal' (m/n) with NFSS spec.:
(fontspec)             <8.5->s*[0.9999964596882403]"[latinmodern-math.otf]/OT:script=math;language=dflt;"<6-8.5>s*[0.9999964596882403]"[latinmodern-math.otf]/OT:script=math;language=dflt;+ssty=0;"<-6>s*[0.9999964596882403]"[latinmodern-math.otf]/OT:script=math;language=dflt;+ssty=1;"
(fontspec)             - 'bold' (b/n) with NFSS spec.:
(fontspec)             <->s*[0.9999964596882403]"[latinmodern-math.otf]/OT:script=math;language=dflt;"

LaTeX Font Info:    Font shape `TU/latinmodern-math.otf(1)/m/n' will be
(Font)              scaled to size 10.0pt on input line 205.
LaTeX Font Info:    Encoding `OT1' has changed to `TU' for symbol font
(Font)              `operators' in the math version `normal' on input line 205.
LaTeX Font Info:    Overwriting symbol font `operators' in version `normal'
(Font)                  OT1/lmr/m/n --> TU/latinmodern-math.otf(1)/m/n on input line 205.
LaTeX Font Info:    Encoding `OT1' has changed to `TU' for symbol font
(Font)              `operators' in the math version `bold' on input line 205.
LaTeX Font Info:    Overwriting symbol font `operators' in version `bold'
(Font)                  OT1/lmr/bx/n --> TU/latinmodern-math.otf(1)/b/n on input line 205.

Package fontspec Info: 
(fontspec)             latinmodern-math scale = 0.9999964596882403.


Package fontspec Info: 
(fontspec)             latinmodern-math scale = 1.000096459334209.


Package fontspec Info: 
(fontspec)             latinmodern-math scale = 0.9999964596882403.


Package fontspec Info: 
(fontspec)             latinmodern-math scale = 1.000096459334209.


Package fontspec Info: 
(fontspec)             latinmodern-math scale = 0.9999964596882403.


Package fontspec Info: 
(fontspec)             latinmodern-math scale = 1.000096459334209.


Package fontspec Info: 
(fontspec)             latinmodern-math scale = 0.9999964596882403.


Package fontspec Info: 
(fontspec)             latinmodern-math scale = 1.000096459334209.


Package fontspec Info: 
(fontspec)             latinmodern-math scale = 0.9999964596882403.


Package fontspec Info: 
(fontspec)             latinmodern-math scale = 1.000096459334209.


Package fontspec Info: 
(fontspec)             Font family 'latinmodern-math.otf(2)' created for font
(fontspec)             'latinmodern-math.otf' with options
(fontspec)             [Scale=MatchLowercase,BoldItalicFont={},ItalicFont={},SmallCapsFont={},Script=Math,SizeFeatures={{Size=8.5-},{Size=6-8.5,Font=latinmodern-math.otf,Style=MathScript},{Size=-6,Font=latinmodern-math.otf,Style=MathScriptScript}},BoldFont={latinmodern-math.otf},ScaleAgain=1.0001,FontAdjustment={\fontdimen
(fontspec)             8\font =6.77pt\relax \fontdimen 9\font =3.94pt\relax
(fontspec)             \fontdimen 10\font =4.44pt\relax \fontdimen 11\font
(fontspec)             =6.86pt\relax \fontdimen 12\font =3.45pt\relax
(fontspec)             \fontdimen 13\font =3.63pt\relax \fontdimen 14\font
(fontspec)             =3.63pt\relax \fontdimen 15\font =2.89pt\relax
(fontspec)             \fontdimen 16\font =2.47pt\relax \fontdimen 17\font
(fontspec)             =2.47pt\relax \fontdimen 18\font =2.5pt\relax
(fontspec)             \fontdimen 19\font =2.0pt\relax \fontdimen 22\font
(fontspec)             =2.5pt\relax \fontdimen 20\font =0pt\relax \fontdimen
(fontspec)             21\font =0pt\relax }].
(fontspec)              
(fontspec)              This font family consists of the following NFSS
(fontspec)             series/shapes:
(fontspec)              
(fontspec)             - 'normal' (m/n) with NFSS spec.:
(fontspec)             <8.5->s*[1.000096459334209]"[latinmodern-math.otf]/OT:script=math;language=dflt;"<6-8.5>s*[1.000096459334209]"[latinmodern-math.otf]/OT:script=math;language=dflt;+ssty=0;"<-6>s*[1.000096459334209]"[latinmodern-math.otf]/OT:script=math;language=dflt;+ssty=1;"
(fontspec)             - 'bold' (b/n) with NFSS spec.:
(fontspec)             <->s*[1.000096459334209]"[latinmodern-math.otf]/OT:script=math;language=dflt;"

LaTeX Font Info:    Encoding `OMS' has changed to `TU' for symbol font
(Font)              `symbols' in the math version `normal' on input line 205.
LaTeX Font Info:    Overwriting symbol font `symbols' in version `normal'
(Font)                  OMS/lmsy/m/n --> TU/latinmodern-math.otf(2)/m/n on input line 205.
LaTeX Font Info:    Encoding `OMS' has changed to `TU' for symbol font
(Font)              `symbols' in the math version `bold' on input line 205.
LaTeX Font Info:    Overwriting symbol font `symbols' in version `bold'
(Font)                  OMS/lmsy/b/n --> TU/latinmodern-math.otf(2)/b/n on input line 205.

Package fontspec Info: 
(fontspec)             latinmodern-math scale = 0.9999964596882403.


Package fontspec Info: 
(fontspec)             latinmodern-math scale = 0.9998964600422715.


Package fontspec Info: 
(fontspec)             latinmodern-math scale = 0.9999964596882403.


Package fontspec Info: 
(fontspec)             latinmodern-math scale = 0.9998964600422715.


Package fontspec Info: 
(fontspec)             latinmodern-math scale = 0.9999964596882403.


Package fontspec Info: 
(fontspec)             latinmodern-math scale = 0.9998964600422715.


Package fontspec Info: 
(fontspec)             latinmodern-math scale = 0.9999964596882403.


Package fontspec Info: 
(fontspec)             latinmodern-math scale = 0.9998964600422715.


Package fontspec Info: 
(fontspec)             latinmodern-math scale = 0.9999964596882403.


Package fontspec Info: 
(fontspec)             latinmodern-math scale = 0.9998964600422715.


Package fontspec Info: 
(fontspec)             Font family 'latinmodern-math.otf(3)' created for font
(fontspec)             'latinmodern-math.otf' with options
(fontspec)             [Scale=MatchLowercase,BoldItalicFont={},ItalicFont={},SmallCapsFont={},Script=Math,SizeFeatures={{Size=8.5-},{Size=6-8.5,Font=latinmodern-math.otf,Style=MathScript},{Size=-6,Font=latinmodern-math.otf,Style=MathScriptScript}},BoldFont={latinmodern-math.otf},ScaleAgain=0.9999,FontAdjustment={\fontdimen
(fontspec)             8\font =0.4pt\relax \fontdimen 9\font =2.0pt\relax
(fontspec)             \fontdimen 10\font =1.67pt\relax \fontdimen 11\font
(fontspec)             =1.11pt\relax \fontdimen 12\font =6.0pt\relax
(fontspec)             \fontdimen 13\font =0pt\relax }].
(fontspec)              
(fontspec)              This font family consists of the following NFSS
(fontspec)             series/shapes:
(fontspec)              
(fontspec)             - 'normal' (m/n) with NFSS spec.:
(fontspec)             <8.5->s*[0.9998964600422715]"[latinmodern-math.otf]/OT:script=math;language=dflt;"<6-8.5>s*[0.9998964600422715]"[latinmodern-math.otf]/OT:script=math;language=dflt;+ssty=0;"<-6>s*[0.9998964600422715]"[latinmodern-math.otf]/OT:script=math;language=dflt;+ssty=1;"
(fontspec)             - 'bold' (b/n) with NFSS spec.:
(fontspec)             <->s*[0.9998964600422715]"[latinmodern-math.otf]/OT:script=math;language=dflt;"

LaTeX Font Info:    Encoding `OMX' has changed to `TU' for symbol font
(Font)              `largesymbols' in the math version `normal' on input line 205.
LaTeX Font Info:    Overwriting symbol font `largesymbols' in version `normal'
(Font)                  OMX/lmex/m/n --> TU/latinmodern-math.otf(3)/m/n on input line 205.
LaTeX Font Info:    Encoding `OMX' has changed to `TU' for symbol font
(Font)              `largesymbols' in the math version `bold' on input line 205.
LaTeX Font Info:    Overwriting symbol font `largesymbols' in version `bold'
(Font)                  OMX/lmex/m/n --> TU/latinmodern-math.otf(3)/b/n on input line 205.
*geometry* driver: auto-detecting
*geometry* detected driver: xetex
*geometry* verbose mode - [ preamble ] result:
* driver: xetex
* paper: <default>
* layout: <same size as paper>
* layoutoffset:(h,v)=(0.0pt,0.0pt)
* modes: twoside 
* h-part:(L,W,R)=(113.81102pt, 386.67296pt, 113.81102pt)
* v-part:(T,H,B)=(85.35826pt, 624.25346pt, 85.35826pt)
* \paperwidth=614.295pt
* \paperheight=794.96999pt
* \textwidth=386.67296pt
* \textheight=624.25346pt
* \oddsidemargin=41.54103pt
* \evensidemargin=41.54103pt
* \topmargin=-16.97922pt
* \headheight=12.0pt
* \headsep=18.06749pt
* \topskip=10.0pt
* \footskip=25.29494pt
* \marginparwidth=125.0pt
* \marginparsep=7.0pt
* \columnsep=10.0pt
* \skip\footins=9.0pt plus 4.0pt minus 2.0pt
* \hoffset=0.0pt
* \voffset=0.0pt
* \mag=1000
* \@twocolumnfalse
* \@twosidetrue
* \@mparswitchtrue
* \@reversemarginfalse
* (1in=72.27pt=25.4mm, 1cm=28.453pt)

Package hyperref Info: Link coloring OFF on input line 205.
LaTeX Font Info:    Font shape `TU/latinmodern-math.otf(1)/m/n' will be
(Font)              scaled to size 12.0pt on input line 207.
LaTeX Font Info:    Font shape `TU/latinmodern-math.otf(1)/m/n' will be
(Font)              scaled to size 8.0pt on input line 207.
LaTeX Font Info:    Font shape `TU/latinmodern-math.otf(1)/m/n' will be
(Font)              scaled to size 6.0pt on input line 207.
LaTeX Font Info:    Trying to load font information for OML+lmm on input line 207.
(/Users/phgrosjean/Library/TinyTeX/texmf-dist/tex/latex/lm/omllmm.fd
File: omllmm.fd 2015/05/01 v1.6.1 Font defs for Latin Modern
)
LaTeX Font Info:    Font shape `TU/latinmodern-math.otf(2)/m/n' will be
(Font)              scaled to size 12.0011pt on input line 207.
LaTeX Font Info:    Font shape `TU/latinmodern-math.otf(2)/m/n' will be
(Font)              scaled to size 8.00073pt on input line 207.
LaTeX Font Info:    Font shape `TU/latinmodern-math.otf(2)/m/n' will be
(Font)              scaled to size 6.00055pt on input line 207.
LaTeX Font Info:    Font shape `TU/latinmodern-math.otf(3)/m/n' will be
(Font)              scaled to size 11.99872pt on input line 207.
LaTeX Font Info:    Font shape `TU/latinmodern-math.otf(3)/m/n' will be
(Font)              scaled to size 7.99915pt on input line 207.
LaTeX Font Info:    Font shape `TU/latinmodern-math.otf(3)/m/n' will be
(Font)              scaled to size 5.99936pt on input line 207.
LaTeX Font Info:    Trying to load font information for U+msa on input line 207.
(/Users/phgrosjean/Library/TinyTeX/texmf-dist/tex/latex/amsfonts/umsa.fd
File: umsa.fd 2013/01/14 v3.01 AMS symbols A
)
LaTeX Font Info:    Trying to load font information for U+msb on input line 207.
(/Users/phgrosjean/Library/TinyTeX/texmf-dist/tex/latex/amsfonts/umsb.fd
File: umsb.fd 2013/01/14 v3.01 AMS symbols B
)

[1


]

[2

] (./LearnItR.toc
LaTeX Font Info:    Font shape `TU/latinmodern-math.otf(1)/m/n' will be
(Font)              scaled to size 7.0pt on input line 4.
LaTeX Font Info:    Font shape `TU/latinmodern-math.otf(1)/m/n' will be
(Font)              scaled to size 5.0pt on input line 4.
LaTeX Font Info:    Font shape `TU/latinmodern-math.otf(2)/m/n' will be
(Font)              scaled to size 10.00092pt on input line 4.
LaTeX Font Info:    Font shape `TU/latinmodern-math.otf(2)/m/n' will be
(Font)              scaled to size 7.00064pt on input line 4.
LaTeX Font Info:    Font shape `TU/latinmodern-math.otf(2)/m/n' will be
(Font)              scaled to size 5.00046pt on input line 4.
LaTeX Font Info:    Font shape `TU/latinmodern-math.otf(3)/m/n' will be
(Font)              scaled to size 9.99893pt on input line 4.
LaTeX Font Info:    Font shape `TU/latinmodern-math.otf(3)/m/n' will be
(Font)              scaled to size 6.99925pt on input line 4.
LaTeX Font Info:    Font shape `TU/latinmodern-math.otf(3)/m/n' will be
(Font)              scaled to size 4.99947pt on input line 4.


[3]

[4])
\tf@toc=\write4
\openout4 = `LearnItR.toc'.



[5]

[6

]
File: images/block-warning.png Graphic file (type bmp)
<images/block-warning.png>
File: images/learnitr_800.png Graphic file (type bmp)
<images/learnitr_800.png>

Underfull \vbox (badness 10000) has occurred while \output is active []



[7]
File: images/front-cover.png Graphic file (type bmp)
<images/front-cover.png>

Underfull \vbox (badness 10000) has occurred while \output is active []



[8]
LaTeX Font Info:    Font shape `TU/lmtt/bx/n' in size <10> not available
(Font)              Font shape `TU/lmtt/b/n' tried instead on input line 234.

Overfull \hbox (33.32704pt too wide) in paragraph at lines 272--272
[]\TU/lmtt/m/n/10 # - Session info ---------------------------------------------------------------[] 
 []


Overfull \hbox (196.07704pt too wide) in paragraph at lines 272--272
[]\TU/lmtt/m/n/10 #  pandoc   3.1.11 @ /Applications/RStudio.app/Contents/Resources/app/quarto/bin/tools/aarch64/ (via rmarkdown)[] 
 []


Overfull \hbox (33.32704pt too wide) in paragraph at lines 272--272
[]\TU/lmtt/m/n/10 # - Packages -------------------------------------------------------------------[] 
 []



[9]
Overfull \hbox (7.07704pt too wide) in paragraph at lines 272--272
[]\TU/lmtt/m/n/10 #  [2] /Library/Frameworks/R.framework/Versions/4.2-arm64/Resources/library[] 
 []


Overfull \hbox (33.32704pt too wide) in paragraph at lines 272--272
[]\TU/lmtt/m/n/10 # ------------------------------------------------------------------------------[] 
 []



[10]
Chapter 1.


[11

]

[12]
Underfull \hbox (badness 10000) in paragraph at lines 383--384
[] [] [][] [] [][][][][][][][] [] [][][] [] [][][] [][] [][][][][] [] [][][][][][][] [] [][] [] [][][][][][][][] [] [][][] [] [][][] [][] [][][][][] [][] [][][][] [] [][][][][] [] [][][][]$[]\TU/lmr/m/n/10 ).
 []



[13]

[14]
Chapter 2.

Underfull \vbox (badness 2894) has occurred while \output is active []



[15

]

[16]

[17]
File: images/block-info.png Graphic file (type bmp)
<images/block-info.png>
File: images/general/tools.png Graphic file (type bmp)
<images/general/tools.png>

Underfull \vbox (badness 5985) has occurred while \output is active []



[18]
Underfull \hbox (badness 1762) in paragraph at lines 457--458
[]\TU/lmr/m/n/10 Les chapitres suivants détaillent l’installation, l’incorporation dans des cours et
 []



[19]

[20

]
Chapter 3.


[21]
File: images/general/svbox-launcher.png Graphic file (type bmp)
<images/general/svbox-launcher.png>


[22]

[23]

[24

]

[25]

[26]
Chapter 4.
File: images/git/git-delete-branch.png Graphic file (type bmp)
<images/git/git-delete-branch.png>

Overfull \hbox (59.57704pt too wide) in paragraph at lines 542--542
[]\TU/lmtt/m/n/10 # Si on a quelque chose comme: origin https://github.com/org/repo.git on est en HTTPS[] 
 []



[27

]

[28]
Chapter 5.

Underfull \vbox (badness 3209) has occurred while \output is active []



[29

]
File: images/bookdown/bookdown-fork1.png Graphic file (type bmp)
<images/bookdown/bookdown-fork1.png>
File: images/bookdown/bookdown-fork2.png Graphic file (type bmp)
<images/bookdown/bookdown-fork2.png>


[30]

[31]
File: images/bookdown/bookdown-create-project.png Graphic file (type bmp)
<images/bookdown/bookdown-create-project.png>


[32]
Underfull \hbox (badness 3428) in paragraph at lines 632--633
\TU/lmr/m/n/10 certainement adapter les entrées \TU/lmtt/m/n/10 config: toc: before:\TU/lmr/m/n/10 , \TU/lmtt/m/n/10 config: toc: after:\TU/lmr/m/n/10 ,
 []



[33]
Overfull \hbox (47.47905pt too wide) in paragraph at lines 645--647
\TU/lmtt/m/n/10 nom_bookdown\TU/lmr/m/n/10 . Dans l’exemple, il s’agit de []\TU/lmtt/m/n/10 https://wp.sciviews.org/sdd-umons3-2020/[]\TU/lmr/m/n/10 . 
 []



[34]
File: images/block-warning.png Graphic file (type bmp)
<images/block-warning.png>

Underfull \hbox (badness 1137) in paragraph at lines 673--674
[]\TU/lmr/m/n/10 Nous vons conseillons dans un premier temps de \TU/lmr/m/it/10 ne pas \TU/lmr/m/n/10 modifier la page
 []



[35]

[36]

[37]

[38

]
Chapter 6.


[39]

[40]

[41]

[42]
Chapter 7.

Underfull \hbox (badness 2707) in paragraph at lines 806--807
\TU/lmr/m/n/10 TODO: expliquer les extensions {learnitdown} pour les apps Shiny permetant
 []



[43

]

[44

]
Chapter 8.


[45]

[46

]
Chapter 9.


[47]
File: images/block-note.png Graphic file (type bmp)
<images/block-note.png>


[48]

[49

]

[50]
Chapter 10.
File: images/block-note.png Graphic file (type bmp)
<images/block-note.png>


[51

]

[52]

[53]

[54]
Overfull \hbox (2.12517pt too wide) in paragraph at lines 996--997
[]|\TU/lmr/m/n/10 L’utilisateur 
 []


Overfull \hbox (2.12517pt too wide) in paragraph at lines 997--998
[]|\TU/lmr/m/n/10 L’utilisateur 
 []


Overfull \hbox (2.12517pt too wide) in paragraph at lines 998--999
[]|\TU/lmr/m/n/10 L’utilisateur 
 []


Overfull \hbox (5.93517pt too wide) in paragraph at lines 999--1000
[]|\TU/lmr/m/n/10 L’application 
 []


Overfull \hbox (2.12517pt too wide) in paragraph at lines 1000--1001
[]|\TU/lmr/m/n/10 L’utilisateur 
 []


Overfull \hbox (2.12517pt too wide) in paragraph at lines 1001--1002
[]|\TU/lmr/m/n/10 L’utilisateur 
 []


Overfull \hbox (3.71265pt too wide) in paragraph at lines 1005--1005
[]|\TU/lmr/m/n/10 reset_question_submission|  
 []

[55] [56]

[57]
Overfull \hbox (38.57704pt too wide) in paragraph at lines 1106--1106
[]\TU/lmtt/m/n/10 wget -qO - https://www.mongodb.org/static/pgp/server-4.4.asc | sudo apt-key add -[] 
 []


Overfull \hbox (437.57704pt too wide) in paragraph at lines 1106--1106
[]\TU/lmtt/m/n/10 echo "deb [ arch=amd64,arm64 ] https://repo.mongodb.org/apt/ubuntu bionic/mongodb-org/4.4 multiverse" | sudo tee /etc/apt/sources.list.d/mongodb-org-4.4.list[] 
 []


Overfull \hbox (348.32704pt too wide) in paragraph at lines 1106--1106
[]\TU/lmtt/m/n/10 #sudo apt-get install -y mongodb-org=4.4.0 mongodb-org-server=4.4.0 mongodb-org-shell=4.4.0 mongodb-org-mongos=4.4.0 mongodb-org-tools=4.4.0[] 
 []


Overfull \hbox (1.82704pt too wide) in paragraph at lines 1106--1106
[]\TU/lmtt/m/n/10 # By default, MongoDB only accept clients from same machine (what we want)[] 
 []



[58]
Overfull \hbox (17.57704pt too wide) in paragraph at lines 1106--1106
[]\TU/lmtt/m/n/10 # Create a program supervisor for common environment variables (not done yet)[] 
 []


Overfull \hbox (841.82704pt too wide) in paragraph at lines 1106--1106
[]\TU/lmtt/m/n/10 export MONGO_URL=“mongodb://sdd:sdd@sdd-umons-shard-00-00-umnnw.mongodb.net:27017,sdd-umons-shard-00-01-umnnw.mongodb.net:27017,sdd-umons-shard-00-02-umnnw.mongodb.net:27017/test?ssl=true&replicaSet=sdd-umons-shard-0&authSource=admin”[] 
 []


Overfull \hbox (96.32704pt too wide) in paragraph at lines 1130--1130
[]\TU/lmtt/m/n/10 mongodump # Possibly restrict with --collection=<col_name> and/or --query='{"x": {"$gt":1}}'[] 
 []



[59]
Overfull \hbox (38.57704pt too wide) in paragraph at lines 1130--1130
[]\TU/lmtt/m/n/10 <path_to>/mongorestore # Of course, the local MongoDB server must be running here[] 
 []

File: images/block-note.png Graphic file (type bmp)
<images/block-note.png>


[60]

[61]

[62]
Chapter 11.
File: images/block-info.png Graphic file (type bmp)
<images/block-info.png>


[63

]

[64]
File: images/wordpress/dashboard-user-h5p.png Graphic file (type bmp)
<images/wordpress/dashboard-user-h5p.png>


[65]
File: images/wordpress/login-github.png Graphic file (type bmp)
<images/wordpress/login-github.png>

LaTeX Warning: Float too large for page by 16.51712pt on input line 1323.

File: images/wordpress/non-enregistre.png Graphic file (type bmp)
<images/wordpress/non-enregistre.png>
File: images/wordpress/enregistre.png Graphic file (type bmp)
<images/wordpress/enregistre.png>


[66]

[67]
Overfull \hbox (13.65732pt too wide) in paragraph at lines 1363--1363
[]|\TU/lmr/m/n/10 displayname|  
 []


Overfull \hbox (3.12732pt too wide) in paragraph at lines 1368--1368
[]|\TU/lmr/m/n/10 ifirstname|  
 []


Overfull \hbox (1.42732pt too wide) in paragraph at lines 1369--1369
[]|\TU/lmr/m/n/10 ilastname|  
 []


Overfull \hbox (5.33733pt too wide) in paragraph at lines 1370--1370
[]|\TU/lmr/m/n/10 institution|  
 []


Overfull \hbox (11.18732pt too wide) in paragraph at lines 1376--1376
[]|\TU/lmr/m/n/10 user_login2|  
 []

[68]
File: images/block-note.png Graphic file (type bmp)
<images/block-note.png>


[69]

[70]

[71]

[72]

[73]

[74]

[75]
Overfull \hbox (12.32704pt too wide) in paragraph at lines 1559--1559
[]\TU/lmtt/m/n/10 # Rendre le dossier partagé VirtualBox accessible pour l'utilisateur oxboxes[] 
 []



[76]
Underfull \hbox (badness 1038) in paragraph at lines 1571--1571
[][][]\TU/lmr/m/n/8 Créer \TU/lmtt/m/n/8 composer.lock \TU/lmr/m/n/8 via la commande \TU/lmtt/m/n/8 composer update \TU/lmr/m/n/8 en ayant été écrire à la main un
 []


Overfull \hbox (28.07704pt too wide) in paragraph at lines 1592--1592
[]\TU/lmtt/m/n/10 composer require mongodb/mongodb # Warnings about deprecated composer 1 ignored[] 
 []



[77]

[78]
File: images/bookdown/bookdown-add-page1.png Graphic file (type bmp)
<images/bookdown/bookdown-add-page1.png>

Overfull \hbox (22.82704pt too wide) in paragraph at lines 1663--1663
[]\TU/lmtt/m/n/10 [advanced_iframe  id="bookdown" name="bookdown" src="https://<SITE>.org/<URL>"[] 
 []


Overfull \hbox (17.57704pt too wide) in paragraph at lines 1663--1663
[]\TU/lmtt/m/n/10 width="100%" height="calc(100vh - 50px)" use_shortcode_attributes_only="true"[] 
 []


Overfull \hbox (64.82704pt too wide) in paragraph at lines 1663--1663
[]\TU/lmtt/m/n/10 map_parameter_to_url="iframe" add_iframe_url_as_param="same" show_iframe_loader="true"[] 
 []


Overfull \hbox (38.57704pt too wide) in paragraph at lines 1663--1663
[]\TU/lmtt/m/n/10 enable_responsive_iframe="true" hide_elements=".tg-site-footer-bar,.entry-footer"[] 
 []


Overfull \hbox (22.82704pt too wide) in paragraph at lines 1663--1663
[]\TU/lmtt/m/n/10 additional_height="100" multi_domain_enabled="false" use_post_message="false"][] 
 []

File: images/bookdown/bookdown-add-page2.png Graphic file (type bmp)
<images/bookdown/bookdown-add-page2.png>

Underfull \vbox (badness 10000) has occurred while \output is active []



[79]
File: images/bookdown/bookdown-add-page3.png Graphic file (type bmp)
<images/bookdown/bookdown-add-page3.png>

Underfull \vbox (badness 10000) has occurred while \output is active []



[80]
Underfull \hbox (badness 3209) in paragraph at lines 1696--1697
[]\TU/lmr/m/n/10 Les même page du bookdown, \TU/lmr/bx/n/10 mais intégrées sous forme d’iframe
 []



[81]
File: images/h5p/h5p-general.png Graphic file (type bmp)
<images/h5p/h5p-general.png>


[82]

[83]
File: images/h5p/h5p-configuration.png Graphic file (type bmp)
<images/h5p/h5p-configuration.png>


[84]
File: images/h5p/h5pikatchu-config.png Graphic file (type bmp)
<images/h5p/h5pikatchu-config.png>
File: images/h5p/h5pikatchu-results.png Graphic file (type bmp)
<images/h5p/h5pikatchu-results.png>


[85]
File: images/h5p/h5p-xapi.png Graphic file (type bmp)
<images/h5p/h5p-xapi.png>


[86]

[87]
File: images/block-warning.png Graphic file (type bmp)
<images/block-warning.png>


[88]
Overfull \vbox (2.17656pt too high) detected at line 1926
 []



[89]

[90]
File: images/wordpress/h5p-content.png Graphic file (type bmp)
<images/wordpress/h5p-content.png>


[91]
File: images/h5p/h5p-new-content1.png Graphic file (type bmp)
<images/h5p/h5p-new-content1.png>
File: images/h5p/h5p-new-content2.png Graphic file (type bmp)
<images/h5p/h5p-new-content2.png>
File: images/h5p/h5p-new-content3.png Graphic file (type bmp)
<images/h5p/h5p-new-content3.png>
File: images/h5p/h5p-new-content4.png Graphic file (type bmp)
<images/h5p/h5p-new-content4.png>


[92]

[93]

[94]
File: images/wordpress/h5pxapi.png Graphic file (type bmp)
<images/wordpress/h5pxapi.png>


[95]

[96]
Chapter 12.
File: images/moodle/sdd1-02visualisation1.png Graphic file (type bmp)
<images/moodle/sdd1-02visualisation1.png>


[97

]

[98]
Chapter 13.


[99

]
Overfull \hbox (17.57704pt too wide) in paragraph at lines 2091--2091
[]\TU/lmtt/m/n/10 curl -O https://cdn.rstudio.com/r/ubuntu-1804/pkgs/r-${R_VERSION}_1_amd64.deb[] 
 []


Overfull \hbox (190.82704pt too wide) in paragraph at lines 2146--2146
[]\TU/lmtt/m/n/10 sudo apt install build-essential libcurl4-gnutls-dev openjdk-7-* libxml2-dev libssl-dev texlive-full libev-dev[] 
 []


Overfull \hbox (243.32704pt too wide) in paragraph at lines 2146--2146
[]\TU/lmtt/m/n/10 sudo apt install libgmp10-dev libgsl0-dev libnetcdf6 libnetcdf-dev netcdf-bin libdigest-hmac-perl libgmp-dev libgmp3-dev[] 
 []


Overfull \hbox (180.32704pt too wide) in paragraph at lines 2146--2146
[]\TU/lmtt/m/n/10 sudo apt install libgl1-mesa-dev libglu1-mesa-dev libglpk-dev tdsodbc freetds-bin freetds-common freetds-dev[] 
 []


Overfull \hbox (348.32704pt too wide) in paragraph at lines 2146--2146
[]\TU/lmtt/m/n/10 sudo apt install odbc-postgresql libtiff-dev libsndfile1 libsndfile1-dev libtiff-dev tk8.5 tk8.5-dev tcl8.5 tcl8.5-dev libgsl0-dev libv8-dev[] 
 []


Overfull \hbox (80.57704pt too wide) in paragraph at lines 2170--2170
[]\TU/lmtt/m/n/10 sudo /opt/rstudio-connect/bin/license-manager activate xxxx-xxxx-xxxx-xxxx-xxxx-xxxx-xxxx[] 
 []



[100]
Overfull \hbox (7.07704pt too wide) in paragraph at lines 2254--2254
[]\TU/lmtt/m/n/10 sudo apt install libffi-dev libgdm-dev libsqlite3-dev libssl-dev zlib1g-dev[] 
 []



[101]
Overfull \hbox (280.07704pt too wide) in paragraph at lines 2295--2295
[]\TU/lmtt/m/n/10 sudo openssl pkcs7 -print_certs -in /etc/ssl/private/sdd_umons_ac_be.crt -out /etc/ssl/private/sdd_umons_ac_be.pem -outform PEM[] 
 []



[102]
Overfull \hbox (12.32704pt too wide) in paragraph at lines 2342--2342
[]\TU/lmtt/m/n/10 45 * * * * /usr/bin/rsync -av --delete /data1/ /data2/ &> /data/datasync.log[] 
 []


Underfull \hbox (badness 1609) in paragraph at lines 2356--2357
[]\TU/lmr/m/n/10 Édition à nouveau le fichier de configuration de RStudio Connect (DataDir =
 []


Overfull \hbox (169.82704pt too wide) in paragraph at lines 2386--2386
[]\TU/lmtt/m/n/10 sudo rear format /dev/sdX # In case of error rear format -- --efi /dev/sdX (in the server, it is /dev/sdc)[] 
 []



[103]
Overfull \hbox (22.82704pt too wide) in paragraph at lines 2461--2461
[]\TU/lmtt/m/n/10 sudo /opt/rstudio-connect/scripts/run-diagnostics.sh /path/to/output/directory[] 
 []


Overfull \hbox (17.57704pt too wide) in paragraph at lines 2479--2480
\TU/lmtt/m/n/10 cnt < (sizeof (_nl_value_type_LC_TIME) / sizeof (_nl_value_type_LC_TIME[0]))[]
 []



[104]
Overfull \hbox (211.82704pt too wide) in paragraph at lines 2512--2512
[]\TU/lmtt/m/n/10 # This does not work => reedit rstudio-connect.gcfg and comment out Supervisor= with ; and restart RStudio Connect[] 
 []


Overfull \hbox (1.82704pt too wide) in paragraph at lines 2512--2512
[]\TU/lmtt/m/n/10 sudo mv /usr/lib/locale/locale-archive /usr/lib/locale/locale-archive.save[] 
 []


Overfull \hbox (59.57704pt too wide) in paragraph at lines 2543--2543
[]\TU/lmtt/m/n/10 wget https://github.com/jgm/pandoc/releases/download/2.11.4/pandoc-2.11.4-1-amd64.deb[] 
 []


Overfull \hbox (33.32704pt too wide) in paragraph at lines 2543--2543
[]\TU/lmtt/m/n/10 /opt/rstudio-connect/ext/pandoc/2.11/pandoc --version # 2.11.2 with same options[] 
 []


Overfull \hbox (33.32704pt too wide) in paragraph at lines 2543--2543
[]\TU/lmtt/m/n/10 /usr/lib/rstudio/bin/pandoc/pandoc --version # Same 1.17.2 than pandoc --version[] 
 []


Overfull \hbox (117.32704pt too wide) in paragraph at lines 2543--2543
[]\TU/lmtt/m/n/10 #Sys.setenv(PATH = paste("/opt/rstudio-connect/ext/pandoc/2.11", Sys.getenv("PATH"), sep = ":"))[] 
 []


Overfull \hbox (80.57704pt too wide) in paragraph at lines 2543--2543
[]\TU/lmtt/m/n/10 res <- system("which pandoc", intern = TRUE,ignore.stderr = FALSE, ignore.stdout = FALSE)[] 
 []



[105]
Overfull \hbox (201.32704pt too wide) in paragraph at lines 2543--2543
[]\TU/lmtt/m/n/10 sudo cp /opt/rstudio-connect/ext/pandoc/2.9/pandoc-citeproc /opt/rstudio-connect/ext/pandoc/2.11/pandoc-citeproc[] 
 []


Overfull \hbox (138.32704pt too wide) in paragraph at lines 2543--2543
[]\TU/lmtt/m/n/10 sudo cp /opt/rstudio-connect/ext/pandoc/2.11/pandoc /opt/rstudio-connect/ext/pandoc/2.11/pandoc-orig[] 
 []


Overfull \hbox (22.82704pt too wide) in paragraph at lines 2570--2570
[]\TU/lmtt/m/n/10 # Completely reconfigure the video driver if it gets stuck with Nvidia driver:[] 
 []


Overfull \hbox (43.82704pt too wide) in paragraph at lines 2570--2570
[]\TU/lmtt/m/n/10 # Solved temporarily => could boot in X11, then, remove Nvidia drivers completely.[] 
 []


Overfull \hbox (175.07704pt too wide) in paragraph at lines 2570--2570
[]\TU/lmtt/m/n/10 sudo apt-get install --reinstall xserver-xorg-video-intel libgl1-mesa-glx libgl1-mesa-dri xserver-xorg-core[] 
 []


Overfull \hbox (12.32704pt too wide) in paragraph at lines 2570--2570
[]\TU/lmtt/m/n/10 sudo update-alternatives --remove gl_conf /usr/lib/nvidia-current/ld.so.conf[] 
 []



[106]

[107]
Overfull \hbox (54.32704pt too wide) in paragraph at lines 2704--2704
[]        \TU/lmtt/m/n/10 /opt/rstudio-connect/mnt/app/packrat/lib/x86_64-pc-linux-gnu/4.0.5/** mrwix,[] 
 []



[108]
File: images/block-warning.png Graphic file (type bmp)
<images/block-warning.png>

Overfull \hbox (1.82704pt too wide) in paragraph at lines 2787--2787
[]\TU/lmtt/m/n/10 # First check that major versions of MongoDB servers (ATLAS vs local, x.y)[] 
 []


Overfull \hbox (96.32704pt too wide) in paragraph at lines 2787--2787
[]\TU/lmtt/m/n/10 mongo_local_version=`mongo --quiet --eval "db.version()" | awk -F "." \'{print $1 "." $2}\'`[] 
 []


Overfull \hbox (946.82704pt too wide) in paragraph at lines 2787--2787
[]\TU/lmtt/m/n/10 mongo_atlas_version=`mongo --quiet --eval "db.version()" "mongodb://<USER>:<PASSWORD>@<SERVER>.mongodb.net:27017,<SERVER2>.mongodb.net:27017,<SERVER3>.mongodb.net:27017/sdd?ssl=true&replicaSet=<SHARD>&authSource=admin" | awk -F "." \'{print $1 "." $2}\'`[] 
 []


Overfull \hbox (227.57704pt too wide) in paragraph at lines 2787--2787
[]  \TU/lmtt/m/n/10 echo "MongoDB versions mismatch: local=$mongo_local_version, ATLAS=$mongo_atlas_version" > /data1/VERSIONS_MISMATCH[] 
 []


Overfull \hbox (1130.57704pt too wide) in paragraph at lines 2787--2787
[]  \TU/lmtt/m/n/10 mongodump --quiet --uri="mongodb://<USER>:<PASSWORD>@<SERVER>.mongodb.net:27017,<SERVER2>-umnnw.mongodb.net:27017,<SERVER3>.mongodb.net:27017/sdd?ssl=true&replicaSet=<SHARD>&authSource=admin" --db="sdd" --collection="h5p" --query="{\\\"date\\\":{\\\"\$gte\\\":\\\"$(cat last_date)\\\"}}"[] 
 []


Overfull \hbox (1109.57704pt too wide) in paragraph at lines 2787--2787
[]  \TU/lmtt/m/n/10 mongodump --quiet --uri="mongodb://<USER>:<PASSWORD>@<SERVER>.mongodb.net:27017,<SERVER1>.mongodb.net:27017,<SERVER2>.mongodb.net:27017/sdd?ssl=true&replicaSet=<SHARD>&authSource=admin" --db="sdd" --collection="shiny" --query="{\\\"date\\\":{\\\"\$gte\\\":\\\"$(cat last_date)\\\"}}"[] 
 []


Overfull \hbox (1114.82704pt too wide) in paragraph at lines 2787--2787
[]  \TU/lmtt/m/n/10 mongodump --quiet --uri="mongodb://<USER>:<PASSWORD>@<SERVER>.mongodb.net:27017,<SERVER2>.mongodb.net:27017,<SERVER3>.mongodb.net:27017/sdd?ssl=true&replicaSet=<SHARD>&authSource=admin" --db="sdd" --collection="learnr" --query="{\\\"date\\\":{\\\"\$gte\\\":\\\"$(cat last_date)\\\"}}"[] 
 []


Overfull \hbox (652.82704pt too wide) in paragraph at lines 2787--2787
[]  \TU/lmtt/m/n/10 mongodump --quiet --uri="mongodb://<USER>:<PASSWORD>@<SERVER>.mongodb.net:<SERVER2>-umnnw.mongodb.net:27017,<SERVER3>.mongodb.net:27017/sdd?ssl=true&replicaSet=<SHARD>&authSource=admin" --db="sdd"[] 
 []



[109]

[110]
Overfull \hbox (12.32704pt too wide) in paragraph at lines 2838--2838
[]\TU/lmtt/m/n/10 47 * * * * /usr/bin/rsync -av --delete /data1/ /data2/ &> /data/datasync.log[] 
 []


Overfull \hbox (22.82704pt too wide) in paragraph at lines 2838--2838
[]\TU/lmtt/m/n/10 # Create a daily (except saterday) and a weekly backup of the MongoDB database[] 
 []


Overfull \hbox (59.57704pt too wide) in paragraph at lines 2876--2876
[]\TU/lmtt/m/n/10 # Place sdd_umons_ac_be.cer|key in /etc/ssl/private. It seems both keys do not match:[] 
 []


Overfull \hbox (75.32704pt too wide) in paragraph at lines 2876--2876
[]\TU/lmtt/m/n/10 sudo openssl x509 -noout -modulus -in /etc/ssl/private/sdd_umons_ac_be.cer | openssl md5[] 
 []


Overfull \hbox (70.07704pt too wide) in paragraph at lines 2876--2876
[]\TU/lmtt/m/n/10 sudo openssl rsa -noout -modulus -in /etc/ssl/private/sdd_umons_ac_be.key | openssl md5[] 
 []


Overfull \hbox (106.82704pt too wide) in paragraph at lines 2876--2876
[]\TU/lmtt/m/n/10 # Maybe the PKCS#7 format is correct? So, the .crt with that format can be converted this way:[] 
 []


Overfull \hbox (280.07704pt too wide) in paragraph at lines 2876--2876
[]\TU/lmtt/m/n/10 sudo openssl pkcs7 -print_certs -in /etc/ssl/private/sdd_umons_ac_be.crt -out /etc/ssl/private/sdd_umons_ac_be.pem -outform PEM[] 
 []


Overfull \hbox (75.32704pt too wide) in paragraph at lines 2876--2876
[]\TU/lmtt/m/n/10 sudo openssl x509 -noout -modulus -in /etc/ssl/private/sdd_umons_ac_be.pem | openssl md5[] 
 []


Overfull \hbox (148.82704pt too wide) in paragraph at lines 2876--2876
[]\TU/lmtt/m/n/10 # Update the certificate: I receive a .zip file with both sdd_umons_ac_be.key and sdd_umons_ac_be.cer.[] 
 []


Overfull \hbox (12.32704pt too wide) in paragraph at lines 2876--2876
[]\TU/lmtt/m/n/10 scp ~/Desktop/sdd_certs_2021.zip econum@sdd.umons.ac.be:/data1/dump/cert.zip[] 
 []


Overfull \hbox (85.82704pt too wide) in paragraph at lines 2876--2876
[]\TU/lmtt/m/n/10 # Create .pem file that invert the order of the 4 certificates from the .cer file, then...[] 
 []


Overfull \hbox (75.32704pt too wide) in paragraph at lines 2876--2876
[]\TU/lmtt/m/n/10 scp ~/Desktop/sdd_umons_ac_be.pem econum@sdd.umons.ac.be:/data1/dump/sdd_umons_ac_be.pem[] 
 []


Overfull \hbox (59.57704pt too wide) in paragraph at lines 2876--2876
[]\TU/lmtt/m/n/10 sudo mv /etc/ssl/private/sdd_umons_ac_be.cer /etc/ssl/private/sdd_umons_ac_be.cer.old[] 
 []


Overfull \hbox (59.57704pt too wide) in paragraph at lines 2876--2876
[]\TU/lmtt/m/n/10 sudo mv /etc/ssl/private/sdd_umons_ac_be.key /etc/ssl/private/sdd_umons_ac_be.key.old[] 
 []


Overfull \hbox (12.32704pt too wide) in paragraph at lines 2876--2876
[]\TU/lmtt/m/n/10 sudo mv /data1/dump/sdd_umons_ac_be.pem /etc/ssl/private/sdd_umons_ac_be.pem[] 
 []



[111]
Overfull \hbox (17.57704pt too wide) in paragraph at lines 2947--2947
[]\TU/lmtt/m/n/10 curl -O https://cdn.rstudio.com/r/ubuntu-1804/pkgs/r-${R_VERSION}_1_amd64.deb[] 
 []


Overfull \hbox (1.82704pt too wide) in paragraph at lines 2947--2947
[]\TU/lmtt/m/n/10 install.packages(c("tidyverse", "shiny", "bookdown", "data.table", "glue",[] 
 []


Overfull \hbox (12.32704pt too wide) in paragraph at lines 2947--2947
[]\TU/lmtt/m/n/10 "here", "mongolite", "keras", "pastecs", "mlearning", "usethis", "testthat",[] 
 []


Overfull \hbox (33.32704pt too wide) in paragraph at lines 2947--2947
[]\TU/lmtt/m/n/10 "ggpubr", "GGally", "ggplotify", "ggrepel", "cowplot", "fs", "forcats", "purrr",[] 
 []


Overfull \hbox (17.57704pt too wide) in paragraph at lines 2947--2947
[]\TU/lmtt/m/n/10 "R6", "RColorBrewer", "Rcpp", "anytime", "zoo", "assertthat", "bench", "hms",[] 
 []


Overfull \hbox (12.32704pt too wide) in paragraph at lines 2947--2947
[]\TU/lmtt/m/n/10 "viridisLite", "withr", "xts", "igraph", "pryr", "proto", "renv", "tsibble",[] 
 []


Overfull \hbox (33.32704pt too wide) in paragraph at lines 2947--2947
[]\TU/lmtt/m/n/10 "SciViews", "svMisc", "svGUI", "svDialogs", "extraDistr", "SuppDists", "lobstr",[] 
 []


Overfull \hbox (33.32704pt too wide) in paragraph at lines 2947--2947
[]\TU/lmtt/m/n/10 # Warning in svbox2021, we don't use learndown anymore, but learnitdown instead![] 
 []


Underfull \vbox (badness 10000) has occurred while \output is active []



[112]
Overfull \hbox (80.57704pt too wide) in paragraph at lines 2947--2947
[]\TU/lmtt/m/n/10 sudo /opt/rstudio-connect/bin/license-manager activate YAG3-B2H5-MXQB-6HJS-E7WH-4G9Y-JITA[] 
 []


Overfull \hbox (70.07704pt too wide) in paragraph at lines 2947--2947
[]\TU/lmtt/m/n/10 curl -Lo rsc-installer.sh https://cdn.rstudio.com/connect/installer/installer-v1.9.1.sh[] 
 []


Overfull \hbox (206.57704pt too wide) in paragraph at lines 2966--2966
[]\TU/lmtt/m/n/10 sudo curl -fsSL -o /opt/python/miniconda.sh https://repo.anaconda.com/miniconda/Miniconda3-latest-Linux-x86_64.sh[] 
 []


Overfull \hbox (75.32704pt too wide) in paragraph at lines 2985--2985
[]\TU/lmtt/m/n/10 sudo /opt/python/"${PYTHON_VERSION}"/bin/pip install altair beautifulsoup4 cloudpickle \[] 
 []


Overfull \hbox (12.32704pt too wide) in paragraph at lines 2985--2985
[]  \TU/lmtt/m/n/10 requests scipy scikit-image scikit-learn scrapy seaborn spacy sqlalchemy \[] 
 []


Overfull \hbox (33.32704pt too wide) in paragraph at lines 2985--2985
[]\TU/lmtt/m/n/10 # add PATH=/opt/python/"${PYTHON_VERSION}"/bin:$PATH in /etc/profile.d/python.sh[] 
 []


Overfull \hbox (327.32704pt too wide) in paragraph at lines 2985--2985
[]\TU/lmtt/m/n/10 #sudo /opt/python/${PYTHON_VERSION}/bin/python -m ipykernel install --name py${PYTHON_VERSION} --display-name "Python ${PYTHON_VERSION}"[] 
 []


Overfull \hbox (59.57704pt too wide) in paragraph at lines 2985--2985
[]\TU/lmtt/m/n/10 nano ~/.Rprofile # Add Sys.setenv(RETICULATE_PYTHON = "/opt/python/3.8.5/bin/python")[] 
 []



[113]

[114

]
Chapter 14.
File: images/block-warning.png Graphic file (type bmp)
<images/block-warning.png>


[115]

[116]

[117]

[118

]
Chapter 15.


[119]

[120

]
Chapter 16.


[121]
Underfull \hbox (badness 2744) in paragraph at lines 3078--3080
\TU/lmr/m/n/10 challenges, et élimination de ces bases de données sur le serveur dédié
 []


Underfull \hbox (badness 1389) in paragraph at lines 3078--3080
\TU/lmr/m/n/10 (péparation du challenge pour l’année suivante) à la fin de chaque année
 []


Underfull \hbox (badness 10000) in paragraph at lines 3078--3080
\TU/lmr/m/n/10 académique. \TU/lmtt/m/n/10 sudo tar -czvf backup/challenges.tar.gz A04_challenge
 []


Underfull \hbox (badness 2393) in paragraph at lines 3078--3080
\TU/lmtt/m/n/10 B04_challenge C03_challenge\TU/lmr/m/n/10 , ensuite depuis une machine locale : \TU/lmtt/m/n/10 scp
 []


Overfull \hbox (0.57704pt too wide) in paragraph at lines 3078--3080
\TU/lmtt/m/n/10 utilisateur@serveur:/data1/backup/challenges.tar.gz challenges.tar.gz 
 []



[122]

[123

]

[124]
Chapter 17.


[125

]

[126

]
Chapter 18.


[127]

[128

]
Appendix A.


[129]

[130]
Appendix B.
File: images/block-note.png Graphic file (type bmp)
<images/block-note.png>


[131

]

[132]

[133]

[134]
Appendix C.


[135

]

[136

]
Appendix D.
File: images/introduction/learning.png Graphic file (type bmp)
<images/introduction/learning.png>


[137]
File: images/block-note.png Graphic file (type bmp)
<images/block-note.png>
File: images/block-note.png Graphic file (type bmp)
<images/block-note.png>


[138]
File: images/block-note.png Graphic file (type bmp)
<images/block-note.png>

Underfull \hbox (badness 2469) in paragraph at lines 3211--3212
[]\TU/lmr/m/n/10 Une autre condition indispensable pour que le mécanisme d’apprentissage
 []

File: images/block-note.png Graphic file (type bmp)
<images/block-note.png>


[139]
File: images/block-note.png Graphic file (type bmp)
<images/block-note.png>

Underfull \vbox (badness 1448) has occurred while \output is active []



[140]
File: A4-Divers_files/figure-latex/unnamed-chunk-6-1.pdf Graphic file (type pdf)
<use A4-Divers_files/figure-latex/unnamed-chunk-6-1.pdf>
File: images/block-note.png Graphic file (type bmp)
<images/block-note.png>


[141]
File: images/block-note.png Graphic file (type bmp)
<images/block-note.png>
File: A4-Divers_files/figure-latex/unnamed-chunk-9-1.pdf Graphic file (type pdf)
<use A4-Divers_files/figure-latex/unnamed-chunk-9-1.pdf>

Underfull \vbox (badness 10000) has occurred while \output is active []



[142]
File: A4-Divers_files/figure-latex/unnamed-chunk-10-1.pdf Graphic file (type pdf)
<use A4-Divers_files/figure-latex/unnamed-chunk-10-1.pdf>

Underfull \vbox (badness 10000) has occurred while \output is active []



[143]
File: A4-Divers_files/figure-latex/unnamed-chunk-11-1.pdf Graphic file (type pdf)
<use A4-Divers_files/figure-latex/unnamed-chunk-11-1.pdf>
File: A4-Divers_files/figure-latex/unnamed-chunk-12-1.pdf Graphic file (type pdf)
<use A4-Divers_files/figure-latex/unnamed-chunk-12-1.pdf>


[144]
File: A4-Divers_files/figure-latex/unnamed-chunk-13-1.pdf Graphic file (type pdf)
<use A4-Divers_files/figure-latex/unnamed-chunk-13-1.pdf>


[145]

[146]
File: images/block-note.png Graphic file (type bmp)
<images/block-note.png>
File: A4-Divers_files/figure-latex/unnamed-chunk-15-1.pdf Graphic file (type pdf)
<use A4-Divers_files/figure-latex/unnamed-chunk-15-1.pdf>


[147]
File: A4-Divers_files/figure-latex/unnamed-chunk-16-1.pdf Graphic file (type pdf)
<use A4-Divers_files/figure-latex/unnamed-chunk-16-1.pdf>

Underfull \vbox (badness 10000) has occurred while \output is active []



[148]
Underfull \vbox (badness 1259) has occurred while \output is active []



[149]
File: images/block-note.png Graphic file (type bmp)
<images/block-note.png>
File: A4-Divers_files/figure-latex/unnamed-chunk-18-1.pdf Graphic file (type pdf)
<use A4-Divers_files/figure-latex/unnamed-chunk-18-1.pdf>

Underfull \vbox (badness 10000) has occurred while \output is active []



[150]
File: A4-Divers_files/figure-latex/unnamed-chunk-19-1.pdf Graphic file (type pdf)
<use A4-Divers_files/figure-latex/unnamed-chunk-19-1.pdf>
File: A4-Divers_files/figure-latex/unnamed-chunk-20-1.pdf Graphic file (type pdf)
<use A4-Divers_files/figure-latex/unnamed-chunk-20-1.pdf>

Underfull \vbox (badness 10000) has occurred while \output is active []



[151]

[152]
File: images/introduction/doctypes.png Graphic file (type bmp)
<images/introduction/doctypes.png>

Underfull \vbox (badness 10000) has occurred while \output is active []



[153]

[154]
File: images/introduction/doctypes_scenario.png Graphic file (type bmp)
<images/introduction/doctypes_scenario.png>

Underfull \vbox (badness 10000) has occurred while \output is active []



[155]

[156]

[157

] (./LearnItR.aux)
 ***********
LaTeX2e <2024-06-01>
L3 programming layer <2024-05-27>
 ***********
 ) 
Here is how much of TeX's memory you used:
 18324 strings out of 476255
 342540 string characters out of 5786433
 1980543 words of memory out of 5000000
 40570 multiletter control sequences out of 15000+600000
 564592 words of font info for 98 fonts, out of 8000000 for 9000
 14 hyphenation exceptions out of 8191
 90i,8n,123p,30783b,485s stack positions out of 10000i,1000n,20000p,200000b,200000s

Output written on LearnItR.pdf (157 pages).
